2025-04-06 09:31:22,565 - __main__ - WARNING - No configuration file provided. Using default configuration.
2025-04-06 09:31:22,565 - __main__ - INFO - Federated learning system initialized
2025-04-06 09:31:22,565 - __main__ - INFO - Starting federated learning system...
2025-04-06 09:31:22,565 - __main__ - INFO - Starting central server...
2025-04-06 09:31:22,587 - __main__ - INFO - Central server started with PID 35992
2025-04-06 09:31:22,587 - __main__ - INFO - Starting monitoring dashboard...
2025-04-06 09:31:22,597 - __main__ - INFO - Dashboard started with PID 19560
2025-04-06 09:31:22,600 - __main__ - INFO - Starting 3 client instances...
2025-04-06 09:31:22,610 - __main__ - INFO - Started client client_1 with PID 34872
2025-04-06 09:31:22,625 - __main__ - INFO - Started client client_2 with PID 31124
2025-04-06 09:31:22,640 - __main__ - INFO - Started client client_3 with PID 10780
2025-04-06 09:31:22,663 - __main__ - INFO - Monitoring system health...
2025-04-06 09:31:22,665 - __main__ - INFO - Federated learning system is running. Press Ctrl+C to stop.
2025-04-06 09:31:32,680 - __main__ - ERROR - Central server process has terminated unexpectedly.
2025-04-06 09:31:32,684 - __main__ - INFO - Starting central server...
2025-04-06 09:31:32,731 - __main__ - INFO - Central server started with PID 23512
2025-04-06 09:31:42,733 - __main__ - ERROR - Central server process has terminated unexpectedly.
2025-04-06 09:31:42,733 - __main__ - INFO - Starting central server...
2025-04-06 09:31:42,743 - __main__ - INFO - Central server started with PID 30220
2025-04-06 09:31:42,743 - __main__ - ERROR - Client client_1 process has terminated unexpectedly.
2025-04-06 09:31:42,743 - __main__ - ERROR - Client client_2 process has terminated unexpectedly.
2025-04-06 09:31:42,747 - __main__ - ERROR - Client client_3 process has terminated unexpectedly.
2025-04-06 09:31:52,751 - __main__ - ERROR - Central server process has terminated unexpectedly.
2025-04-06 09:31:52,751 - __main__ - INFO - Starting central server...
2025-04-06 09:31:52,760 - __main__ - INFO - Central server started with PID 3304
2025-04-06 09:32:02,764 - __main__ - ERROR - Central server process has terminated unexpectedly.
2025-04-06 09:32:02,777 - __main__ - INFO - Starting central server...
2025-04-06 09:32:02,781 - __main__ - INFO - Central server started with PID 3688
2025-04-06 09:32:12,783 - __main__ - ERROR - Central server process has terminated unexpectedly.
2025-04-06 09:32:12,783 - __main__ - INFO - Starting central server...
2025-04-06 09:32:12,790 - __main__ - INFO - Central server started with PID 31052
2025-04-06 09:32:22,792 - __main__ - ERROR - Central server process has terminated unexpectedly.
2025-04-06 09:32:22,792 - __main__ - INFO - Starting central server...
2025-04-06 09:32:22,797 - __main__ - INFO - Central server started with PID 31968
2025-04-06 09:32:32,799 - __main__ - ERROR - Central server process has terminated unexpectedly.
2025-04-06 09:32:32,799 - __main__ - INFO - Starting central server...
2025-04-06 09:32:32,808 - __main__ - INFO - Central server started with PID 30328
2025-04-06 09:32:42,812 - __main__ - ERROR - Central server process has terminated unexpectedly.
2025-04-06 09:32:42,812 - __main__ - INFO - Starting central server...
2025-04-06 09:32:42,819 - __main__ - INFO - Central server started with PID 31124
2025-04-06 09:32:52,827 - __main__ - ERROR - Central server process has terminated unexpectedly.
2025-04-06 09:32:52,829 - __main__ - INFO - Starting central server...
2025-04-06 09:32:52,832 - __main__ - INFO - Central server started with PID 33144
2025-04-06 09:33:02,835 - __main__ - ERROR - Central server process has terminated unexpectedly.
2025-04-06 09:33:02,835 - __main__ - INFO - Starting central server...
2025-04-06 09:33:02,841 - __main__ - INFO - Central server started with PID 16840
2025-04-06 09:33:12,845 - __main__ - ERROR - Central server process has terminated unexpectedly.
2025-04-06 09:33:12,845 - __main__ - INFO - Starting central server...
2025-04-06 09:33:12,850 - __main__ - INFO - Central server started with PID 12592
2025-04-06 09:33:22,852 - __main__ - ERROR - Central server process has terminated unexpectedly.
2025-04-06 09:33:22,852 - __main__ - INFO - Starting central server...
2025-04-06 09:33:22,861 - __main__ - INFO - Central server started with PID 34468
2025-04-06 09:33:32,864 - __main__ - ERROR - Central server process has terminated unexpectedly.
2025-04-06 09:33:32,864 - __main__ - INFO - Starting central server...
2025-04-06 09:33:32,873 - __main__ - INFO - Central server started with PID 34680
2025-04-06 09:33:42,877 - __main__ - ERROR - Central server process has terminated unexpectedly.
2025-04-06 09:33:42,877 - __main__ - INFO - Starting central server...
2025-04-06 09:33:42,884 - __main__ - INFO - Central server started with PID 36392
2025-04-06 09:33:52,886 - __main__ - ERROR - Central server process has terminated unexpectedly.
2025-04-06 09:33:52,886 - __main__ - INFO - Starting central server...
2025-04-06 09:33:52,893 - __main__ - INFO - Central server started with PID 23876
2025-04-06 09:34:02,894 - __main__ - ERROR - Central server process has terminated unexpectedly.
2025-04-06 09:34:02,894 - __main__ - INFO - Starting central server...
2025-04-06 09:34:02,897 - __main__ - INFO - Central server started with PID 13960
2025-04-06 09:34:12,900 - __main__ - ERROR - Central server process has terminated unexpectedly.
2025-04-06 09:34:12,902 - __main__ - INFO - Starting central server...
2025-04-06 09:34:12,909 - __main__ - INFO - Central server started with PID 34148
2025-04-06 09:34:22,910 - __main__ - ERROR - Central server process has terminated unexpectedly.
2025-04-06 09:34:22,910 - __main__ - INFO - Starting central server...
2025-04-06 09:34:22,919 - __main__ - INFO - Central server started with PID 9984
2025-04-06 09:34:32,921 - __main__ - ERROR - Central server process has terminated unexpectedly.
2025-04-06 09:34:32,921 - __main__ - INFO - Starting central server...
2025-04-06 09:34:32,927 - __main__ - INFO - Central server started with PID 32300
2025-04-06 09:34:42,932 - __main__ - ERROR - Central server process has terminated unexpectedly.
2025-04-06 09:34:42,932 - __main__ - INFO - Starting central server...
2025-04-06 09:34:42,944 - __main__ - INFO - Central server started with PID 36412
2025-04-06 09:34:52,946 - __main__ - ERROR - Central server process has terminated unexpectedly.
2025-04-06 09:34:52,946 - __main__ - INFO - Starting central server...
2025-04-06 09:34:52,951 - __main__ - INFO - Central server started with PID 3212
2025-04-06 09:35:02,961 - __main__ - ERROR - Central server process has terminated unexpectedly.
2025-04-06 09:35:02,961 - __main__ - INFO - Starting central server...
2025-04-06 09:35:02,967 - __main__ - INFO - Central server started with PID 34232
2025-04-06 09:35:12,970 - __main__ - ERROR - Central server process has terminated unexpectedly.
2025-04-06 09:35:12,970 - __main__ - INFO - Starting central server...
2025-04-06 09:35:12,981 - __main__ - INFO - Central server started with PID 23064
2025-04-06 09:35:22,990 - __main__ - ERROR - Central server process has terminated unexpectedly.
2025-04-06 09:35:22,991 - __main__ - INFO - Starting central server...
2025-04-06 09:35:22,998 - __main__ - INFO - Central server started with PID 34284
2025-04-06 09:35:33,003 - __main__ - ERROR - Central server process has terminated unexpectedly.
2025-04-06 09:35:33,003 - __main__ - INFO - Starting central server...
2025-04-06 09:35:33,012 - __main__ - INFO - Central server started with PID 23476
2025-04-06 09:35:43,015 - __main__ - ERROR - Central server process has terminated unexpectedly.
2025-04-06 09:35:43,017 - __main__ - INFO - Starting central server...
2025-04-06 09:35:43,023 - __main__ - INFO - Central server started with PID 36760
2025-04-06 09:35:53,024 - __main__ - ERROR - Central server process has terminated unexpectedly.
2025-04-06 09:35:53,025 - __main__ - INFO - Starting central server...
2025-04-06 09:35:53,031 - __main__ - INFO - Central server started with PID 13068
2025-04-06 09:36:03,034 - __main__ - ERROR - Central server process has terminated unexpectedly.
2025-04-06 09:36:03,034 - __main__ - INFO - Starting central server...
2025-04-06 09:36:03,041 - __main__ - INFO - Central server started with PID 36772
2025-04-06 09:36:13,046 - __main__ - ERROR - Central server process has terminated unexpectedly.
2025-04-06 09:36:13,046 - __main__ - INFO - Starting central server...
2025-04-06 09:36:13,054 - __main__ - INFO - Central server started with PID 33316
2025-04-06 09:36:23,056 - __main__ - ERROR - Central server process has terminated unexpectedly.
2025-04-06 09:36:23,056 - __main__ - INFO - Starting central server...
2025-04-06 09:36:23,062 - __main__ - INFO - Central server started with PID 9460
2025-04-06 09:36:33,069 - __main__ - ERROR - Central server process has terminated unexpectedly.
2025-04-06 09:36:33,073 - __main__ - INFO - Starting central server...
2025-04-06 09:36:33,081 - __main__ - INFO - Central server started with PID 28804
2025-04-06 09:36:43,101 - __main__ - ERROR - Central server process has terminated unexpectedly.
2025-04-06 09:36:43,118 - __main__ - INFO - Starting central server...
2025-04-06 09:36:43,141 - __main__ - INFO - Central server started with PID 34188
2025-04-06 09:36:53,145 - __main__ - ERROR - Central server process has terminated unexpectedly.
2025-04-06 09:36:53,145 - __main__ - INFO - Starting central server...
2025-04-06 09:36:53,154 - __main__ - INFO - Central server started with PID 34128
2025-04-06 09:37:03,173 - __main__ - ERROR - Central server process has terminated unexpectedly.
2025-04-06 09:37:03,176 - __main__ - INFO - Starting central server...
2025-04-06 09:37:03,185 - __main__ - INFO - Central server started with PID 28320
2025-04-06 09:37:13,187 - __main__ - ERROR - Central server process has terminated unexpectedly.
2025-04-06 09:37:13,187 - __main__ - INFO - Starting central server...
2025-04-06 09:37:13,196 - __main__ - INFO - Central server started with PID 30640
2025-04-06 09:37:23,203 - __main__ - ERROR - Central server process has terminated unexpectedly.
2025-04-06 09:37:23,203 - __main__ - INFO - Starting central server...
2025-04-06 09:37:23,210 - __main__ - INFO - Central server started with PID 35352
2025-04-06 09:37:33,211 - __main__ - ERROR - Central server process has terminated unexpectedly.
2025-04-06 09:37:33,211 - __main__ - INFO - Starting central server...
2025-04-06 09:37:33,220 - __main__ - INFO - Central server started with PID 32288
2025-04-06 09:37:43,223 - __main__ - ERROR - Central server process has terminated unexpectedly.
2025-04-06 09:37:43,224 - __main__ - INFO - Starting central server...
2025-04-06 09:37:43,233 - __main__ - INFO - Central server started with PID 30244
2025-04-06 09:37:53,236 - __main__ - ERROR - Central server process has terminated unexpectedly.
2025-04-06 09:37:53,237 - __main__ - INFO - Starting central server...
2025-04-06 09:37:53,248 - __main__ - INFO - Central server started with PID 32948
2025-04-06 09:38:03,252 - __main__ - ERROR - Central server process has terminated unexpectedly.
2025-04-06 09:38:03,252 - __main__ - INFO - Starting central server...
2025-04-06 09:38:03,257 - __main__ - INFO - Central server started with PID 36516
2025-04-06 09:38:13,265 - __main__ - ERROR - Central server process has terminated unexpectedly.
2025-04-06 09:38:13,265 - __main__ - INFO - Starting central server...
2025-04-06 09:38:13,271 - __main__ - INFO - Central server started with PID 8960
2025-04-06 09:38:23,274 - __main__ - ERROR - Central server process has terminated unexpectedly.
2025-04-06 09:38:23,274 - __main__ - INFO - Starting central server...
2025-04-06 09:38:23,282 - __main__ - INFO - Central server started with PID 34188
2025-04-06 09:38:33,287 - __main__ - ERROR - Central server process has terminated unexpectedly.
2025-04-06 09:38:33,287 - __main__ - INFO - Starting central server...
2025-04-06 09:38:33,295 - __main__ - INFO - Central server started with PID 30984
2025-04-06 09:38:43,306 - __main__ - ERROR - Central server process has terminated unexpectedly.
2025-04-06 09:38:43,306 - __main__ - INFO - Starting central server...
2025-04-06 09:38:43,314 - __main__ - INFO - Central server started with PID 33136
2025-04-06 09:38:53,316 - __main__ - ERROR - Central server process has terminated unexpectedly.
2025-04-06 09:38:53,316 - __main__ - INFO - Starting central server...
2025-04-06 09:38:53,324 - __main__ - INFO - Central server started with PID 36216
2025-04-06 09:39:03,331 - __main__ - ERROR - Central server process has terminated unexpectedly.
2025-04-06 09:39:03,331 - __main__ - INFO - Starting central server...
2025-04-06 09:39:03,338 - __main__ - INFO - Central server started with PID 14584
2025-04-06 09:39:13,342 - __main__ - ERROR - Central server process has terminated unexpectedly.
2025-04-06 09:39:13,342 - __main__ - INFO - Starting central server...
2025-04-06 09:39:13,348 - __main__ - INFO - Central server started with PID 27068
2025-04-06 09:39:23,350 - __main__ - ERROR - Central server process has terminated unexpectedly.
2025-04-06 09:39:23,350 - __main__ - INFO - Starting central server...
2025-04-06 09:39:23,356 - __main__ - INFO - Central server started with PID 35992
2025-04-06 09:39:33,362 - __main__ - ERROR - Central server process has terminated unexpectedly.
2025-04-06 09:39:33,362 - __main__ - INFO - Starting central server...
2025-04-06 09:39:33,367 - __main__ - INFO - Central server started with PID 30220
2025-04-06 09:39:43,370 - __main__ - ERROR - Central server process has terminated unexpectedly.
2025-04-06 09:39:43,370 - __main__ - INFO - Starting central server...
2025-04-06 09:39:43,386 - __main__ - INFO - Central server started with PID 16648
2025-04-06 09:39:53,393 - __main__ - ERROR - Central server process has terminated unexpectedly.
2025-04-06 09:39:53,394 - __main__ - INFO - Starting central server...
2025-04-06 09:39:53,400 - __main__ - INFO - Central server started with PID 15496
2025-04-06 09:40:03,402 - __main__ - ERROR - Central server process has terminated unexpectedly.
2025-04-06 09:40:03,402 - __main__ - INFO - Starting central server...
2025-04-06 09:40:03,410 - __main__ - INFO - Central server started with PID 8228
2025-04-06 09:40:13,412 - __main__ - ERROR - Central server process has terminated unexpectedly.
2025-04-06 09:40:13,412 - __main__ - INFO - Starting central server...
2025-04-06 09:40:13,418 - __main__ - INFO - Central server started with PID 28892
2025-04-06 09:40:23,421 - __main__ - ERROR - Central server process has terminated unexpectedly.
2025-04-06 09:40:23,421 - __main__ - INFO - Starting central server...
2025-04-06 09:40:23,427 - __main__ - INFO - Central server started with PID 5760
2025-04-06 09:40:33,431 - __main__ - ERROR - Central server process has terminated unexpectedly.
2025-04-06 09:40:33,435 - __main__ - INFO - Starting central server...
2025-04-06 09:40:33,449 - __main__ - INFO - Central server started with PID 8556
2025-04-06 09:40:43,454 - __main__ - ERROR - Central server process has terminated unexpectedly.
2025-04-06 09:40:43,454 - __main__ - INFO - Starting central server...
2025-04-06 09:40:43,463 - __main__ - INFO - Central server started with PID 34252
2025-04-06 09:40:53,467 - __main__ - ERROR - Central server process has terminated unexpectedly.
2025-04-06 09:40:53,469 - __main__ - INFO - Starting central server...
2025-04-06 09:40:53,479 - __main__ - INFO - Central server started with PID 35212
2025-04-06 09:41:03,485 - __main__ - ERROR - Central server process has terminated unexpectedly.
2025-04-06 09:41:03,485 - __main__ - INFO - Starting central server...
2025-04-06 09:41:03,494 - __main__ - INFO - Central server started with PID 23360
2025-04-06 09:41:13,497 - __main__ - ERROR - Central server process has terminated unexpectedly.
2025-04-06 09:41:13,497 - __main__ - INFO - Starting central server...
2025-04-06 09:41:13,504 - __main__ - INFO - Central server started with PID 33012
2025-04-06 09:41:23,508 - __main__ - ERROR - Central server process has terminated unexpectedly.
2025-04-06 09:41:23,508 - __main__ - INFO - Starting central server...
2025-04-06 09:41:23,519 - __main__ - INFO - Central server started with PID 19188
2025-04-06 09:41:33,520 - __main__ - ERROR - Central server process has terminated unexpectedly.
2025-04-06 09:41:33,520 - __main__ - INFO - Starting central server...
2025-04-06 09:41:33,525 - __main__ - INFO - Central server started with PID 5440
2025-04-06 09:41:43,526 - __main__ - ERROR - Central server process has terminated unexpectedly.
2025-04-06 09:41:43,526 - __main__ - INFO - Starting central server...
2025-04-06 09:41:43,532 - __main__ - INFO - Central server started with PID 33596
2025-04-06 09:41:53,538 - __main__ - ERROR - Central server process has terminated unexpectedly.
2025-04-06 09:41:53,538 - __main__ - INFO - Starting central server...
2025-04-06 09:41:53,547 - __main__ - INFO - Central server started with PID 35480
2025-04-06 09:42:03,552 - __main__ - ERROR - Central server process has terminated unexpectedly.
2025-04-06 09:42:03,552 - __main__ - INFO - Starting central server...
2025-04-06 09:42:03,570 - __main__ - INFO - Central server started with PID 36004
2025-04-06 09:42:13,574 - __main__ - ERROR - Central server process has terminated unexpectedly.
2025-04-06 09:42:13,575 - __main__ - INFO - Starting central server...
2025-04-06 09:42:13,579 - __main__ - INFO - Central server started with PID 36848
2025-04-06 09:42:23,580 - __main__ - ERROR - Central server process has terminated unexpectedly.
2025-04-06 09:42:23,580 - __main__ - INFO - Starting central server...
2025-04-06 09:42:23,586 - __main__ - INFO - Central server started with PID 34920
2025-04-06 09:42:33,589 - __main__ - ERROR - Central server process has terminated unexpectedly.
2025-04-06 09:42:33,591 - __main__ - INFO - Starting central server...
2025-04-06 09:42:33,611 - __main__ - INFO - Central server started with PID 29216
2025-04-06 09:42:43,620 - __main__ - ERROR - Central server process has terminated unexpectedly.
2025-04-06 09:42:43,620 - __main__ - INFO - Starting central server...
2025-04-06 09:42:43,624 - __main__ - INFO - Central server started with PID 35212
2025-04-06 09:42:53,628 - __main__ - ERROR - Central server process has terminated unexpectedly.
2025-04-06 09:42:53,628 - __main__ - INFO - Starting central server...
2025-04-06 09:42:53,636 - __main__ - INFO - Central server started with PID 30960
2025-04-06 09:43:03,643 - __main__ - ERROR - Central server process has terminated unexpectedly.
2025-04-06 09:43:03,660 - __main__ - INFO - Starting central server...
2025-04-06 09:43:03,693 - __main__ - INFO - Central server started with PID 35988
2025-04-06 09:43:13,701 - __main__ - ERROR - Central server process has terminated unexpectedly.
2025-04-06 09:43:13,701 - __main__ - INFO - Starting central server...
2025-04-06 09:43:13,708 - __main__ - INFO - Central server started with PID 30280
2025-04-06 09:43:23,710 - __main__ - ERROR - Central server process has terminated unexpectedly.
2025-04-06 09:43:23,710 - __main__ - INFO - Starting central server...
2025-04-06 09:43:23,718 - __main__ - INFO - Central server started with PID 26164
2025-04-06 09:43:33,720 - __main__ - ERROR - Central server process has terminated unexpectedly.
2025-04-06 09:43:33,721 - __main__ - INFO - Starting central server...
2025-04-06 09:43:33,726 - __main__ - INFO - Central server started with PID 32236
2025-04-06 09:43:43,728 - __main__ - ERROR - Central server process has terminated unexpectedly.
2025-04-06 09:43:43,728 - __main__ - INFO - Starting central server...
2025-04-06 09:43:43,736 - __main__ - INFO - Central server started with PID 19128
2025-04-06 09:43:53,739 - __main__ - ERROR - Central server process has terminated unexpectedly.
2025-04-06 09:43:53,739 - __main__ - INFO - Starting central server...
2025-04-06 09:43:53,744 - __main__ - INFO - Central server started with PID 30668
2025-04-06 09:44:03,746 - __main__ - ERROR - Central server process has terminated unexpectedly.
2025-04-06 09:44:03,746 - __main__ - INFO - Starting central server...
2025-04-06 09:44:03,750 - __main__ - INFO - Central server started with PID 34720
2025-04-06 09:44:13,753 - __main__ - ERROR - Central server process has terminated unexpectedly.
2025-04-06 09:44:13,753 - __main__ - INFO - Starting central server...
2025-04-06 09:44:13,763 - __main__ - INFO - Central server started with PID 36532
2025-04-06 09:44:23,766 - __main__ - ERROR - Central server process has terminated unexpectedly.
2025-04-06 09:44:23,842 - __main__ - INFO - Starting central server...
2025-04-06 09:44:23,872 - __main__ - INFO - Central server started with PID 33384
2025-04-06 09:44:33,880 - __main__ - ERROR - Central server process has terminated unexpectedly.
2025-04-06 09:44:33,880 - __main__ - INFO - Starting central server...
2025-04-06 09:44:33,889 - __main__ - INFO - Central server started with PID 29300
2025-04-06 09:44:43,890 - __main__ - ERROR - Central server process has terminated unexpectedly.
2025-04-06 09:44:43,894 - __main__ - INFO - Starting central server...
2025-04-06 09:44:43,909 - __main__ - INFO - Central server started with PID 25944
2025-04-06 09:44:53,915 - __main__ - ERROR - Central server process has terminated unexpectedly.
2025-04-06 09:44:53,915 - __main__ - INFO - Starting central server...
2025-04-06 09:44:53,921 - __main__ - INFO - Central server started with PID 35204
2025-04-06 09:45:03,925 - __main__ - ERROR - Central server process has terminated unexpectedly.
2025-04-06 09:45:03,934 - __main__ - INFO - Starting central server...
2025-04-06 09:45:03,942 - __main__ - INFO - Central server started with PID 11784
2025-04-06 09:45:13,945 - __main__ - ERROR - Central server process has terminated unexpectedly.
2025-04-06 09:45:13,945 - __main__ - INFO - Starting central server...
2025-04-06 09:45:13,952 - __main__ - INFO - Central server started with PID 22904
2025-04-06 09:45:23,957 - __main__ - ERROR - Central server process has terminated unexpectedly.
2025-04-06 09:45:23,957 - __main__ - INFO - Starting central server...
2025-04-06 09:45:23,961 - __main__ - INFO - Central server started with PID 33108
2025-04-06 09:45:32,544 - __main__ - INFO - Shutting down federated learning system...
2025-04-06 09:45:32,546 - __main__ - INFO - Stopping client instances...
2025-04-06 09:45:32,548 - __main__ - INFO - Stopping monitoring dashboard...
2025-04-06 09:45:32,552 - __main__ - INFO - Dashboard stopped.
2025-04-06 09:45:32,552 - __main__ - INFO - Stopping central server...
2025-04-06 09:45:32,552 - __main__ - INFO - Central server stopped.
2025-04-06 09:45:32,554 - __main__ - INFO - Federated learning system shutdown complete.
